make all --print-data-base --no-builtin-variables --no-builtin-rules --question
# GNU Make 3.81
# Copyright (C) 2006  Free Software Foundation, Inc.
# This is free software; see the source for copying conditions.
# There is NO warranty; not even for MERCHANTABILITY or FITNESS FOR A
# PARTICULAR PURPOSE.

# This program built for i386-apple-darwin11.3.0
 

# Make data base, printed on Sat May 28 09:25:06 2022

# Variables

# automatic
<D = $(patsubst %/,%,$(dir $<))
# automatic
?F = $(notdir $?)
# environment
VSCODE_LOG_NATIVE = false
# automatic
?D = $(patsubst %/,%,$(dir $?))
# automatic
@D = $(patsubst %/,%,$(dir $@))
# automatic
@F = $(notdir $@)
# makefile
CURDIR := /Volumes/nfs-share/openMSXVR
# makefile
SHELL = /bin/sh
# environment
VSCODE_NLS_CONFIG = {"locale":"en-gb","availableLanguages":{},"_languagePackSupport":true}
# environment
_ = /usr/bin/make
# environment
CFLAGS = -I/opt/homebrew/include:
# makefile (from `Makefile', line 1)
MAKEFILE_LIST :=  Makefile
# environment
VSCODE_VERBOSE_LOGGING = true
# environment
__CFBundleIdentifier = com.microsoft.VSCode
# environment
INFOPATH = /opt/homebrew/share/info:
# environment
VSCODE_IPC_HOOK_EXTHOST = /var/folders/4r/q_90bflx227bxjcmv1vrspz00000gn/T/vscode-ipc-45ea6242-d82d-4709-9ffd-e3efd96020ed.sock
# environment
VSCODE_CWD = /
# environment
PATH = /Users/mario/Development/msx/Compilers/sjasmplus/:/opt/homebrew/bin:/opt/homebrew/bin:/opt/homebrew/sbin:/usr/local/bin:/usr/bin:/bin:/usr/sbin:/sbin:/Applications/Little Snitch.app/Contents/Components
# environment
LSCOLORS = Gxfxcxdxbxegedabagacad
# environment
LIBRARY_PATH = /opt/homebrew/lib:
# environment
CPATH = /opt/homebrew/include:
# environment
VSCODE_LOG_STACK = false
# environment
ELECTRON_RUN_AS_NODE = 1
# environment
LDFLAGS = -L/opt/homebrew/lib:
# default
.FEATURES := target-specific order-only second-expansion else-if archives jobserver check-symlink
# environment
SSH_AUTH_SOCK = /private/tmp/com.apple.launchd.AmJEzZhtth/Listeners
# automatic
%F = $(notdir $%)
# environment
VSCODE_PIPE_LOGGING = true
# environment
PWD = /Volumes/nfs-share/openMSXVR
# environment
HOMEBREW_CELLAR = /opt/homebrew/Cellar
# environment
PKG_CONFIG_PATH = /opt/homebrew/Cellar/libtiff/4.3.0/lib/pkgconfig:/opt/homebrew/Cellar/gmp/6.2.1_1/lib/pkgconfig:/opt/homebrew/Cellar/libao/1.2.2/lib/pkgconfig:/opt/homebrew/Cellar/tree-sitter/0.20.6/lib/pkgconfig:/opt/homebrew/Cellar/libidn2/2.3.2/lib/pkgconfig:/opt/homebrew/Cellar/libmagic/5.41/lib/pkgconfig:/opt/homebrew/Cellar/mysql-client/8.0.29/lib/pkgconfig:/opt/homebrew/Cellar/libpng/1.6.37/lib/pkgconfig:/opt/homebrew/Cellar/ncurses/6.3/lib/pkgconfig:/opt/homebrew/Cellar/nettle/3.7.3/lib/pkgconfig:/opt/homebrew/Cellar/pixman/0.40.0/lib/pkgconfig:/opt/homebrew/Cellar/qt@5/5.15.3/lib/pkgconfig:/opt/homebrew/Cellar/libuv/1.44.1_1/lib/pkgconfig:/opt/homebrew/Cellar/freetype/2.12.0/lib/pkgconfig:/opt/homebrew/Cellar/assimp/5.2.3/lib/pkgconfig:/opt/homebrew/Cellar/md4c/0.4.8/lib/pkgconfig:/opt/homebrew/Cellar/libvorbis/1.3.7/lib/pkgconfig:/opt/homebrew/Cellar/libftdi/1.5_2/lib/pkgconfig:/opt/homebrew/Cellar/brotli/1.0.9/lib/pkgconfig:/opt/homebrew/Cellar/bdw-gc/8.0.6/lib/pkgconfig:/opt/homebrew/Cellar/libogg/1.3.5/lib/pkgconfig:/opt/homebrew/Cellar/libslirp/4.7.0/lib/pkgconfig:/opt/homebrew/Cellar/icu4c/70.1/lib/pkgconfig:/opt/homebrew/Cellar/glib/2.72.1/lib/pkgconfig:/opt/homebrew/Cellar/readline/8.1.2/lib/pkgconfig:/opt/homebrew/Cellar/hunspell/1.7.0_2/lib/pkgconfig:/opt/homebrew/Cellar/lz4/1.9.3/lib/pkgconfig:/opt/homebrew/Cellar/dbus/1.14.0/lib/pkgconfig:/opt/homebrew/Cellar/webp/1.2.2/lib/pkgconfig:/opt/homebrew/Cellar/sqlite/3.38.5/lib/pkgconfig:/opt/homebrew/Cellar/xz/5.2.5/lib/pkgconfig:/opt/homebrew/Cellar/libnghttp2/1.47.0/lib/pkgconfig:/opt/homebrew/Cellar/vde/2.3.2_1/lib/pkgconfig:/opt/homebrew/Cellar/libusb-compat/0.1.5_1/lib/pkgconfig:/opt/homebrew/Cellar/capstone/4.0.2/lib/pkgconfig:/opt/homebrew/Cellar/libfido2/1.11.0/lib/pkgconfig:/opt/homebrew/Cellar/libb2/0.98.1/lib/pkgconfig:/opt/homebrew/Cellar/openssl@3/3.0.3/lib/pkgconfig:/opt/homebrew/Cellar/luajit-openresty/2.1-20220411/lib/pkgconfig:/opt/homebrew/Cellar/libcbor/0.9.0/lib/pkgconfig:/opt/homebrew/Cellar/zstd/1.5.2/lib/pkgconfig:/opt/homebrew/Cellar/tcl-tk/8.6.12_1/lib/pkgconfig:/opt/homebrew/Cellar/hidapi/0.11.2/lib/pkgconfig:/opt/homebrew/Cellar/confuse/3.3/lib/pkgconfig:/opt/homebrew/Cellar/libtasn1/4.18.0/lib/pkgconfig:/opt/homebrew/Cellar/qrencode/4.1.1/lib/pkgconfig:/opt/homebrew/Cellar/xxhash/0.8.1/lib/pkgconfig:/opt/homebrew/Cellar/glew/2.2.0_1/lib/pkgconfig:/opt/homebrew/Cellar/libssh/0.9.6/lib/pkgconfig:/opt/homebrew/Cellar/pcre2/10.40/lib/pkgconfig:/opt/homebrew/Cellar/libevent/2.1.12/lib/pkgconfig:/opt/homebrew/Cellar/openssl@1.1/1.1.1o/lib/pkgconfig:/opt/homebrew/Cellar/pcre/8.45/lib/pkgconfig:/opt/homebrew/Cellar/unbound/1.15.0/lib/pkgconfig:/opt/homebrew/Cellar/jpeg/9e/lib/pkgconfig:/opt/homebrew/Cellar/libzip/1.8.0_1/lib/pkgconfig:/opt/homebrew/Cellar/libusb/1.0.26/lib/pkgconfig:/opt/homebrew/Cellar/guile/3.0.8/lib/pkgconfig:/opt/homebrew/Cellar/jasper/3.0.3/lib/pkgconfig:/opt/homebrew/Cellar/p11-kit/0.24.1/lib/pkgconfig:/opt/homebrew/Cellar/lzo/2.10/lib/pkgconfig:/opt/homebrew/Cellar/libffi/3.4.2/lib/pkgconfig:/opt/homebrew/Cellar/python@3.9/3.9.12_1/lib/pkgconfig:/opt/homebrew/Cellar/python@3.9/3.9.12_1/Frameworks/Python.framework/Versions/3.9/lib/pkgconfig:/opt/homebrew/Cellar/gnutls/3.7.4/lib/pkgconfig
# environment
ORIGINAL_XDG_CURRENT_DESKTOP = undefined
# environment
MANPATH = /opt/homebrew/share/man::
# environment
VSCODE_AMD_ENTRYPOINT = vs/workbench/api/node/extensionHostProcess
# environment
HOME = /Users/mario
# default
MAKEFILEPATH = $(shell /usr/bin/xcode-select -print-path 2>/dev/null || echo /Developer)/Makefiles
# environment
VSCODE_CODE_CACHE_PATH = /Users/mario/Library/Application Support/Code/CachedData/c3511e6c69bb39013c4a4b7b9566ec1ca73fc4d5
# environment
LOGNAME = mario
# environment
APPLICATION_INSIGHTS_NO_DIAGNOSTIC_CHANNEL = true
# environment
ZSH = /Users/mario/.oh-my-zsh
# environment
VSCODE_HANDLES_UNCAUGHT_ERRORS = true
# automatic
^D = $(patsubst %/,%,$(dir $^))
# environment
XPC_FLAGS = 0x0
# default
MAKE = $(MAKE_COMMAND)
# default
MAKECMDGOALS := all
# environment
SHLVL = 1
# default
MAKE_VERSION := 3.81
# environment
USER = mario
# makefile
.DEFAULT_GOAL := all
# environment
LESS = -R
# automatic
%D = $(patsubst %/,%,$(dir $%))
# default
MAKE_COMMAND := /Library/Developer/CommandLineTools/usr/bin/make
# default
.VARIABLES := 
# environment
TMPDIR = /var/folders/4r/q_90bflx227bxjcmv1vrspz00000gn/T/
# automatic
*F = $(notdir $*)
# environment
VSCODE_IPC_HOOK = /Users/mario/Library/Application Support/Code/1.67.2-main.sock
# makefile
MAKEFLAGS = Rrqp
# environment
MFLAGS = -Rrqp
# automatic
*D = $(patsubst %/,%,$(dir $*))
# environment
XPC_SERVICE_NAME = application.com.microsoft.VSCode.17299472.17299478
# environment
HOMEBREW_PREFIX = /opt/homebrew
# automatic
+D = $(patsubst %/,%,$(dir $+))
# automatic
+F = $(notdir $+)
# environment
HOMEBREW_REPOSITORY = /opt/homebrew
# environment
__CF_USER_TEXT_ENCODING = 0x1F5:0x0:0x2
# environment
COMMAND_MODE = unix2003
# default
MAKEFILES := 
# automatic
<F = $(notdir $<)
# environment
PAGER = less
# environment
LC_ALL = C
# automatic
^F = $(notdir $^)
# default
SUFFIXES := 
# environment
MAKELEVEL := 0
# environment
LANG = C
# environment
VSCODE_PID = 54205
# variable set hash-table stats:
# Load=75/1024=7%, Rehash=0, Collisions=1/98=1%

# Pattern-specific Variable Values

# No pattern-specific variable values.

# Directories

# . (device 436208047, inode 3020882): 13 files, no impossibilities.

# 13 files, no impossibilities in 1 directories.

# Implicit Rules

# No implicit rules.

# Files

# Not a target:
i2c.cc:
#  Implicit rule search has been done.
#  Last modified 2022-05-26 21:46:42
#  File has been updated.
#  Successfully updated.
# variable set hash-table stats:
# Load=0/32=0%, Rehash=0, Collisions=0/0=0%

all: build
#  Command-line target.
#  Implicit rule search has been done.
#  File does not exist.
#  File has been updated.
#  Successfully updated.
# variable set hash-table stats:
# Load=0/32=0%, Rehash=0, Collisions=0/0=0%

# Not a target:
.SUFFIXES:
#  Implicit rule search has not been done.
#  Modification time never checked.
#  File has not been updated.

# Not a target:
Makefile:
#  Implicit rule search has been done.
#  Last modified 2022-05-26 21:36:07
#  File has been updated.
#  Successfully updated.
# variable set hash-table stats:
 
# Load=0/32=0%, Rehash=0, Collisions=0/0=0%

openmsxvr: test.cpp MSXVR.cc MSXVR.hh i2c.cc i2c.hh gpio.cc gpio.hh
#  Implicit rule search has not been done.
#  Last modified 2022-05-26 22:03:49
#  File has been updated.
#  Successfully updated.
# variable set hash-table stats:
# Load=0/32=0%, Rehash=0, Collisions=0/0=0%
#  commands to execute (from `Makefile', line 6):
	g++ test.cpp MSXVR.cc i2c.cc gpio.cc -li2c -o openmsxvr
	

# Not a target:
gpio.cc:
#  Implicit rule search has been done.
#  Last modified 2022-05-26 22:03:23
#  File has been updated.
#  Successfully updated.
# variable set hash-table stats:
# Load=0/32=0%, Rehash=0, Collisions=0/0=0%

build: openmsxvr
#  Implicit rule search has been done.
#  File does not exist.
#  File has been updated.
#  Successfully updated.
# variable set hash-table stats:
# Load=0/32=0%, Rehash=0, Collisions=0/0=0%

# Not a target:
i2c.hh:
#  Implicit rule search has been done.
#  Last modified 2022-05-26 21:45:30
#  File has been updated.
#  Successfully updated.
# variable set hash-table stats:
# Load=0/32=0%, Rehash=0, Collisions=0/0=0%

# Not a target:
MSXVR.cc:
#  Implicit rule search has been done.
#  Last modified 2022-05-26 21:11:29
#  File has been updated.
#  Successfully updated.
# variable set hash-table stats:
# Load=0/32=0%, Rehash=0, Collisions=0/0=0%

# Not a target:
.DEFAULT:
#  Implicit rule search has not been done.
#  Modification time never checked.
#  File has not been updated.

# Not a target:
gpio.hh:
#  Implicit rule search has been done.
#  Last modified 2022-05-26 22:03:42
#  File has been updated.
#  Successfully updated.
# variable set hash-table stats:
# Load=0/32=0%, Rehash=0, Collisions=0/0=0%

# Not a target:
MSXVR.hh:
#  Implicit rule search has been done.
#  Last modified 2022-05-26 21:11:40
#  File has been updated.
#  Successfully updated.
# variable set hash-table stats:
# Load=0/32=0%, Rehash=0, Collisions=0/0=0%

# Not a target:
test.cpp:
#  Implicit rule search has been done.
#  Last modified 2022-05-26 21:48:14
#  File has been updated.
#  Successfully updated.
# variable set hash-table stats:
# Load=0/32=0%, Rehash=0, Collisions=0/0=0%

install:
#  Implicit rule search has not been done.
#  Modification time never checked.
#  File has not been updated.
#  commands to execute (from `Makefile', line 9):
	cpopenmsx
	

# files hash-table stats:
# Load=14/1024=1%, Rehash=0, Collisions=0/36=0%
# VPATH Search Paths

# No `vpath' search paths.

# No general (`VPATH' variable) search path.

# # of strings in strcache: 1
# # of strcache buffers: 1
# strcache size: total = 4096 / max = 4096 / min = 4096 / avg = 4096
# strcache free: total = 4087 / max = 4087 / min = 4087 / avg = 4087

# Finished Make data base on Sat May 28 09:25:06 2022

 
